-- FreeFem++ v4.6 (Fri, Apr 03, 2020  2:08:08 PM - git v4.6)
 Load: lg_fem lg_mesh lg_mesh3 eigenvalue
    1 : real t = 0, dt = 0.1, endT = 1., m = 10;
    2 :
    3 : real[int] vals(-0.5:0.01:0.013);
    4 :
    5 : func real eta(real t) { return 2 ^ (-t);}
    6 : func real mu(real t) { return 3 * 2 ^ (-t);}
    7 : func real solution(real t) { return 3 ^ x * 2 ^ (-t);}
    8 :
    9 : func u0 = 3 ^ x;
   10 :
   11 : mesh Th = square(20, 20, [x, 0.4* y]);
   12 :
   13 : fespace Vh(Th, P2);
   14 : Vh u, v, k, f, c, exact=solution(endT), uOld = u0;
   15 :
   16 : problem Problem(u, v)
   17 : = int2d(Th)((dx(u) * dx(v) + dy(u) * dy(v)) * k)
   18 : + int2d(Th)(u  * c / dt * v)
   19 : - int2d(Th)(uOld * c / dt * v)
   20 : - int2d(Th)(f * v)
   21 : + on(4, u = eta(t))
   22 : + on(2, u = mu(t));
   23 :
   24 :
   25 : for (int i = 0; i < m; i++){
   26 :     t += dt;
   27 :     k = 10 * (u * u) + 1;
   28 :     f = (10 * (u * u) + 1)*cos(t)/(x + 1) + 2 * u * cos(u * u) * (sin(x)*sin(x))/pow (x+1, 4) - (2*sin(u * u)* s Sin(t))/ (pow (x + 1, 3));
   29 :     c = sin (u * u);
   30 :     Problem;
   31 :     uOld = u;
   32 :     plot(u, fill=true, value=true,wait=false);
   33 : }
   34 : plot(exact, fill=true, value=true,wait=true); sizestack + 1024 =7704  ( 6680 )
 
  -- Square mesh : nb vertices  =441 ,  nb triangles = 800 ,  nb boundary edges 80
  -- Solve :
          min 0.933033  max 2.7991
  -- Solve :
          min 0.870551  max 2.61165
  -- Solve :
          min 0.812252  max 2.43676
  -- Solve :
          min 0.757858  max 2.27357
  -- Solve :
          min 0.707107  max 2.12132
  -- Solve :
          min 0.659754  max 1.97926
  -- Solve :
          min 0.615572  max 1.84672
  -- Solve :
          min 0.574349  max 1.72305
  -- Solve :
          min 0.535887  max 1.60766
  -- Solve :
          min 0.5  max 1.5
times: compile 0.032s, execution 0.612s,  mpirank:0
 CodeAlloc : nb ptr  3755,  size :483560 mpirank: 0
Ok: Normal End
 try getConsole C:\Users\vadim\OneDrive\Desktop\New folder (2)\freefem\lab15.edp
