-- FreeFem++ v4.6 (Fri, Apr 03, 2020  2:08:08 PM - git v4.6)
 Load: lg_fem lg_mesh lg_mesh3 eigenvalue
    1 : mesh Th = square(20,20, [2 * x, y]);
    2 : real t = 0, dt = 0.1, endT = 1., m = 10;
    3 :
    4 : real[int] vals(0.5:0.025:1.);
    5 :
    6 : func real eta(real t) {
    7 :     return 1 / (t + 1);}
    8 : func real mu(real t) {
    9 :     return 0.54030230586 / (t + 1);}
   10 : func real ans(real t) {
   11 :     return cos(x) / (t + 1);}
   12 :
   13 : func real f(real t) {
   14 :     return cos(t) - 2;}
   15 : func u0 = x * x;
   16 :
   17 :
   18 : fespace Uh(Th, P2);
   19 : Uh u;
   20 : Uh v;
   21 : Uh exact=ans(endT);
   22 : Uh uOld = u0;
   23 :
   24 : solve s(u, v)
   25 : = int2d(Th)(dx(u) * dx(v) + dy(u) * dy(v))
   26 : + int2d(Th)(u / dt * v)
   27 : - int2d(Th)(uOld / dt * v)
   28 : - int2d(Th)(f(t) * v)
   29 : + on(4, u = eta(t))
   30 : + on(2, u = mu(t));
   31 :
   32 :
   33 : for (int i = 0; i < m; i++){
   34 :     t += dt;
   35 :     s;
   36 :     uOld = u;
   37 :     plot(u, fill=true, value=true, wait=false);
   38 : }
   39 : plot(exact, fill=true, value=true, wait=true); sizestack + 1024 =2840  ( 1816 )
 
  -- Square mesh : nb vertices  =441 ,  nb triangles = 800 ,  nb boundary edges 80
  -- Solve :
          min 0.493197  max 1.66064
  -- Solve :
          min 0.466898  max 1.64589
  -- Solve :
          min 0.450252  max 1.11525
  -- Solve :
          min 0.415617  max 0.820265
  -- Solve :
          min 0.38593  max 0.714286
  -- Solve :
          min 0.360202  max 0.666667
  -- Solve :
          min 0.325147  max 0.625
  -- Solve :
          min 0.252056  max 0.588235
  -- Solve :
          min 0.168009  max 0.555556
  -- Solve :
          min 0.0854052  max 0.526316
  -- Solve :
          min 0.0059337  max 0.5
times: compile 0.031s, execution 0.745s,  mpirank:0
 CodeAlloc : nb ptr  3623,  size :479504 mpirank: 0
Ok: Normal End
 try getConsole C:\Users\vadim\OneDrive\Desktop\New folder (2)\freefem\lab7(4).edp
